<?xml version="1.0" encoding="UTF-8"?>
<!-- Generated by org.testng.reporters.JUnitXMLReporter -->
<testsuite ignored="0" hostname="Neha" failures="0" tests="2" name="Google Integeration Scenarios" time="29.602" errors="0" timestamp="2025-03-03T10:43:24 IST">
  <testcase classname="startingWithTestNG.TestCase_2_as_Clicking_Images_onGoogle" name="clickImages" time="5.087"/>
  <testcase classname="startingWithTestNG.TestCase_1_as_Clicking_Gmail" name="clickGmail" time="12.504"/>
</testsuite> <!-- Google Integeration Scenarios -->
