<?xml version="1.0" encoding="UTF-8"?>
<!-- Generated by org.testng.reporters.JUnitXMLReporter -->
<testsuite ignored="0" hostname="Neha" failures="0" tests="4" name="Test" time="0.07" errors="0" timestamp="2025-03-13T19:57:14 IST">
  <testcase classname="grouping_TestCases.Group_1_TestCase" name="testcase_1" time="0.017"/>
  <testcase classname="grouping_TestCases.Group_1_TestCase" name="testcase_2" time="0.002"/>
  <testcase classname="grouping_TestCases.Group_1_TestCase" name="testcase_3" time="0.002"/>
  <testcase classname="grouping_TestCases.Group_1_TestCase" name="testcase_4" time="0.001"/>
</testsuite> <!-- Test -->
