<?xml version="1.0" encoding="UTF-8"?>
<!-- Generated by org.testng.reporters.JUnitXMLReporter -->
<testsuite ignored="3" hostname="Neha" failures="0" tests="1" name="Testing System" time="0.006" errors="0" timestamp="2025-03-13T19:57:44 IST">
  <testcase classname="grouping_TestCases.Group_1_TestCase" name="testcase_1" time="0.002"/>
  <testcase classname="grouping_TestCases.Group_1_TestCase" name="testcase_4" time="0.0">
    <ignored/>
  </testcase> <!-- testcase_4 -->
  <testcase classname="grouping_TestCases.Group_1_TestCase" name="testcase_3" time="0.0">
    <ignored/>
  </testcase> <!-- testcase_3 -->
  <testcase classname="grouping_TestCases.Group_1_TestCase" name="testcase_2" time="0.0">
    <ignored/>
  </testcase> <!-- testcase_2 -->
</testsuite> <!-- Testing System -->
