<?xml version="1.0" encoding="UTF-8"?>
<!-- Generated by org.testng.reporters.JUnitXMLReporter -->
<testsuite ignored="0" hostname="Neha" failures="0" tests="3" name="Test" time="76.687" errors="0" timestamp="2025-04-01T19:21:36 IST">
  <testcase classname="pom_TestCases.TestCase_3" name="login_search_wishlist_removeFromCart_logout" time="15.771"/>
  <testcase classname="pom_TestCases.TestCase_1" name="login_search_wishlist_cart_logout" time="23.551"/>
  <testcase classname="pom_TestCases.TestCase_2" name="login_search_wishlist_removeFromCart_logout" time="21.777"/>
</testsuite> <!-- Test -->
