<?xml version="1.0" encoding="UTF-8"?>
<testng-results ignored="0" total="3" passed="3" failed="0" skipped="0">
  <reporter-output>
  </reporter-output>
  <suite started-at="2025-04-01T19:20:19 IST" name="Suite" finished-at="2025-04-01T19:21:36 IST" duration-ms="76687">
    <groups>
    </groups>
    <test started-at="2025-04-01T19:20:19 IST" name="Test" finished-at="2025-04-01T19:21:36 IST" duration-ms="76687">
      <class name="pom_TestCases.TestCase_3">
        <test-method is-config="true" signature="launch()[pri:0, instance:pom_TestCases.TestCase_3@619713e5]" started-at="2025-04-01T19:20:19 IST" name="launch" finished-at="2025-04-01T19:20:25 IST" duration-ms="5610" status="PASS">
          <reporter-output>
          </reporter-output>
        </test-method> <!-- launch -->
        <test-method signature="login_search_wishlist_removeFromCart_logout()[pri:0, instance:pom_TestCases.TestCase_3@619713e5]" started-at="2025-04-01T19:20:25 IST" name="login_search_wishlist_removeFromCart_logout" finished-at="2025-04-01T19:20:41 IST" duration-ms="15771" status="PASS">
          <reporter-output>
          </reporter-output>
        </test-method> <!-- login_search_wishlist_removeFromCart_logout -->
      </class> <!-- pom_TestCases.TestCase_3 -->
      <class name="pom_TestCases.TestCase_1">
        <test-method is-config="true" signature="launch()[pri:0, instance:pom_TestCases.TestCase_1@694abbdc]" started-at="2025-04-01T19:20:41 IST" name="launch" finished-at="2025-04-01T19:20:46 IST" duration-ms="4924" status="PASS">
          <reporter-output>
          </reporter-output>
        </test-method> <!-- launch -->
        <test-method signature="login_search_wishlist_cart_logout()[pri:0, instance:pom_TestCases.TestCase_1@694abbdc]" started-at="2025-04-01T19:20:46 IST" name="login_search_wishlist_cart_logout" finished-at="2025-04-01T19:21:09 IST" duration-ms="23551" status="PASS">
          <reporter-output>
          </reporter-output>
        </test-method> <!-- login_search_wishlist_cart_logout -->
      </class> <!-- pom_TestCases.TestCase_1 -->
      <class name="pom_TestCases.TestCase_2">
        <test-method is-config="true" signature="launch()[pri:0, instance:pom_TestCases.TestCase_2@2e005c4b]" started-at="2025-04-01T19:21:09 IST" name="launch" finished-at="2025-04-01T19:21:14 IST" duration-ms="4981" status="PASS">
          <reporter-output>
          </reporter-output>
        </test-method> <!-- launch -->
        <test-method signature="login_search_wishlist_removeFromCart_logout()[pri:0, instance:pom_TestCases.TestCase_2@2e005c4b]" started-at="2025-04-01T19:21:14 IST" name="login_search_wishlist_removeFromCart_logout" finished-at="2025-04-01T19:21:36 IST" duration-ms="21777" status="PASS">
          <reporter-output>
          </reporter-output>
        </test-method> <!-- login_search_wishlist_removeFromCart_logout -->
      </class> <!-- pom_TestCases.TestCase_2 -->
    </test> <!-- Test -->
  </suite> <!-- Suite -->
</testng-results>
