<?xml version="1.0" encoding="UTF-8"?>
<testng-results ignored="0" total="1" passed="1" failed="0" skipped="0">
  <reporter-output>
  </reporter-output>
  <suite started-at="2025-03-31T09:22:47 IST" name="Default suite" finished-at="2025-03-31T09:23:11 IST" duration-ms="24170">
    <groups>
    </groups>
    <test started-at="2025-03-31T09:22:47 IST" name="Default test" finished-at="2025-03-31T09:23:11 IST" duration-ms="24170">
      <class name="pom_TestCases.TestCase_3">
        <test-method is-config="true" signature="launch()[pri:0, instance:pom_TestCases.TestCase_3@6eda5c9]" started-at="2025-03-31T09:22:47 IST" name="launch" finished-at="2025-03-31T09:22:53 IST" duration-ms="5827" status="PASS">
          <reporter-output>
          </reporter-output>
        </test-method> <!-- launch -->
        <test-method signature="login_search_wishlist_removeFromCart_logout()[pri:0, instance:pom_TestCases.TestCase_3@6eda5c9]" started-at="2025-03-31T09:22:53 IST" name="login_search_wishlist_removeFromCart_logout" finished-at="2025-03-31T09:23:11 IST" duration-ms="18275" status="PASS">
          <reporter-output>
          </reporter-output>
        </test-method> <!-- login_search_wishlist_removeFromCart_logout -->
      </class> <!-- pom_TestCases.TestCase_3 -->
    </test> <!-- Default test -->
  </suite> <!-- Default suite -->
</testng-results>
